<?xml version="1.0" encoding="UTF-8"?>
<testsuite xmlns:xsi="http://www.w3.org/2001/XMLSchema-instance" xsi:noNamespaceSchemaLocation="https://maven.apache.org/surefire/maven-surefire-plugin/xsd/surefire-test-report.xsd" version="3.0.2" name="com.example.java_spring_jenkins.JavaSpringJenkinsApplicationTests" time="2.816" tests="1" errors="0" skipped="0" failures="0">
  <properties>
[...]
</properties>
  <testcase name="contextLoads" classname="com.example.java_spring_jenkins.JavaSpringJenkinsApplicationTests" time="0.591">
    <system-out><![CDATA[00:28:26.107 [main] INFO org.springframework.test.context.support.AnnotationConfigContextLoaderUtils -- Could not detect default configuration classes for test class [com.example.java_spring_jenkins.JavaSpringJenkinsApplicationTests]: JavaSpringJenkinsApplicationTests does not declare any static, non-private, non-final, nested classes annotated with @Configuration.
00:28:26.266 [main] INFO org.springframework.boot.test.context.SpringBootTestContextBootstrapper -- Found @SpringBootConfiguration com.example.java_spring_jenkins.JavaSpringJenkinsApplication for test class com.example.java_spring_jenkins.JavaSpringJenkinsApplicationTests

  .   ____          _            __ _ _
 /\\ / ___'_ __ _ _(_)_ __  __ _ \ \ \ \
( ( )\___ | '_ | '_| | '_ \/ _` | \ \ \ \
 \\/  ___)| |_)| | | | | || (_| |  ) ) ) )
  '  |____| .__|_| |_|_| |_\__, | / / / /
 =========|_|==============|___/=/_/_/_/

 :: Spring Boot ::                (v3.5.7)

2025-11-15T00:28:26.828+05:30  INFO 24268 --- [java_spring_jenkins] [           main] c.e.j.JavaSpringJenkinsApplicationTests  : Starting JavaSpringJenkinsApplicationTests using Java 21.0.7 with PID 24268 (started by Shefali in C:\Users\Shefali\Downloads\java_spring_jenkins\java_spring_jenkins)
2025-11-15T00:28:26.829+05:30  INFO 24268 --- [java_spring_jenkins] [           main] c.e.j.JavaSpringJenkinsApplicationTests  : No active profile set, falling back to 1 default profile: "default"
2025-11-15T00:28:28.140+05:30  INFO 24268 --- [java_spring_jenkins] [           main] c.e.j.JavaSpringJenkinsApplicationTests  : Started JavaSpringJenkinsApplicationTests in 1.623 seconds (process running for 2.688)
]]></system-out>
    <system-err><![CDATA[Mockito is currently self-attaching to enable the inline-mock-maker. This will no longer work in future releases of the JDK. Please add Mockito as an agent to your build as described in Mockito's documentation: https://javadoc.io/doc/org.mockito/mockito-core/latest/org.mockito/org/mockito/Mockito.html#0.3
WARNING: A Java agent has been loaded dynamically (C:\Users\Shefali\.m2\repository\net\bytebuddy\byte-buddy-agent\1.17.8\byte-buddy-agent-1.17.8.jar)
WARNING: If a serviceability tool is in use, please run with -XX:+EnableDynamicAgentLoading to hide this warning
WARNING: If a serviceability tool is not in use, please run with -Djdk.instrument.traceUsage for more information
WARNING: Dynamic loading of agents will be disallowed by default in a future release
]]></system-err>
  </testcase>
</testsuite>